<?xml version="1.0" encoding="UTF-8"?>
<testng-results ignored="0" total="1" passed="1" failed="0" skipped="0">
  <reporter-output>
  </reporter-output>
  <suite started-at="2022-01-13T11:39:47 IST" name="Default suite" finished-at="2022-01-13T11:39:47 IST" duration-ms="81">
    <groups>
    </groups>
    <test started-at="2022-01-13T11:39:47 IST" name="Default test" finished-at="2022-01-13T11:39:47 IST" duration-ms="81">
      <class name="testng.testng">
        <test-method is-config="true" signature="test1()[pri:0, instance:testng.testng@614ca7df]" started-at="2022-01-13T11:39:47 IST" name="test1" finished-at="2022-01-13T11:39:47 IST" duration-ms="11" status="PASS">
          <reporter-output>
          </reporter-output>
        </test-method> <!-- test1 -->
        <test-method signature="test2()[pri:0, instance:testng.testng@614ca7df]" started-at="2022-01-13T11:39:47 IST" name="test2" finished-at="2022-01-13T11:39:47 IST" duration-ms="6" status="PASS">
          <reporter-output>
          </reporter-output>
        </test-method> <!-- test2 -->
        <test-method is-config="true" signature="test3()[pri:0, instance:testng.testng@614ca7df]" started-at="2022-01-13T11:39:47 IST" name="test3" finished-at="2022-01-13T11:39:47 IST" duration-ms="0" status="PASS">
          <reporter-output>
          </reporter-output>
        </test-method> <!-- test3 -->
      </class> <!-- testng.testng -->
    </test> <!-- Default test -->
  </suite> <!-- Default suite -->
</testng-results>
